2017-12-05 18:50:05,768 INFO  [NewTest] 输入访问网址 
2017-12-05 18:50:06,915 INFO  [NewTest] 定位用户名文本输入框 
2017-12-05 18:50:06,949 INFO  [NewTest] 输入用户名：1 
2017-12-05 18:50:06,967 INFO  [NewTest] 定位密码文本输入框 
2017-12-05 18:50:06,998 INFO  [NewTest] 输入密码：1 
2017-12-05 18:50:07,013 INFO  [NewTest] 点击定位登陆按钮 
2017-12-05 18:50:21,291 INFO  [NewTest] 点击登陆按钮 
2017-12-05 18:50:21,860 INFO  [NewTest] 关闭浏览器 
2017-12-05 19:26:40,202 INFO  [NewTest] 输入访问网址 
2017-12-05 19:26:41,351 INFO  [NewTest] 定位用户名文本输入框 
2017-12-05 19:26:41,388 INFO  [NewTest] 输入用户名：1 
2017-12-05 19:26:41,402 INFO  [NewTest] 定位密码文本输入框 
2017-12-05 19:26:41,435 INFO  [NewTest] 输入密码：1 
2017-12-05 19:26:41,449 INFO  [NewTest] 点击定位登陆按钮 
2017-12-05 19:26:44,431 INFO  [NewTest] 点击登陆按钮 
2017-12-05 19:26:45,392 INFO  [NewTest] 关闭浏览器 
2017-12-05 19:33:37,574 INFO  [NewTest] 输入访问网址 
2017-12-05 19:33:38,723 INFO  [NewTest] 定位用户名文本输入框 
2017-12-05 19:33:38,759 INFO  [NewTest] 输入用户名：1 
2017-12-05 19:33:39,380 INFO  [NewTest] 定位密码文本输入框 
2017-12-05 19:33:39,410 INFO  [NewTest] 输入密码：1 
2017-12-05 19:33:50,051 INFO  [NewTest] 关闭浏览器 
2017-12-06 11:42:18,504 INFO  [NewTest] 输入访问网址 
2017-12-06 11:42:19,656 INFO  [NewTest] 定位用户名文本输入框 
2017-12-06 11:42:19,691 INFO  [NewTest] 输入用户名：1 
2017-12-06 11:42:20,304 INFO  [NewTest] 定位密码文本输入框 
2017-12-06 11:42:20,334 INFO  [NewTest] 输入密码：1 
2017-12-06 11:42:30,974 INFO  [NewTest] 关闭浏览器 
2017-12-06 11:43:25,959 INFO  [NewTest] 输入访问网址 
2017-12-06 11:43:27,101 INFO  [NewTest] 定位用户名文本输入框 
2017-12-06 11:43:27,137 INFO  [NewTest] 输入用户名：1 
2017-12-06 11:43:27,763 INFO  [NewTest] 定位密码文本输入框 
2017-12-06 11:43:27,810 INFO  [NewTest] 输入密码：1 
2017-12-06 11:43:28,384 INFO  [NewTest] 点击定位登陆按钮 
2017-12-06 11:43:30,071 INFO  [NewTest] 点击登陆按钮 
2017-12-06 11:43:31,006 INFO  [NewTest] 关闭浏览器 
2017-12-06 11:46:58,015 INFO  [NewTest] 输入访问网址 
2017-12-06 11:46:59,164 INFO  [NewTest] 定位用户名文本输入框 
2017-12-06 11:46:59,200 INFO  [NewTest] 输入用户名：1 
2017-12-06 11:46:59,819 INFO  [NewTest] 定位密码文本输入框 
2017-12-06 11:46:59,851 INFO  [NewTest] 输入密码：1 
2017-12-06 11:47:00,392 INFO  [NewTest] 点击定位登陆按钮 
2017-12-06 11:47:01,980 INFO  [NewTest] 点击登陆按钮 
2017-12-06 11:47:02,901 INFO  [NewTest] 关闭浏览器 
2017-12-06 11:49:06,488 INFO  [NewTest] 输入访问网址 
2017-12-06 11:49:07,632 INFO  [NewTest] 定位用户名文本输入框 
2017-12-06 11:49:07,666 INFO  [NewTest] 输入用户名：1 
2017-12-06 11:49:08,288 INFO  [NewTest] 定位密码文本输入框 
2017-12-06 11:49:08,319 INFO  [NewTest] 输入密码：1 
2017-12-06 11:49:08,868 INFO  [NewTest] 点击定位登陆按钮 
2017-12-06 11:49:10,408 INFO  [NewTest] 点击登陆按钮 
2017-12-06 11:49:11,353 INFO  [NewTest] 关闭浏览器 
2017-12-06 11:57:17,271 INFO  [NewTest] 输入访问网址 
2017-12-06 11:57:18,418 INFO  [NewTest] 定位用户名文本输入框 
2017-12-06 11:57:18,455 INFO  [NewTest] 输入用户名：1 
2017-12-06 11:57:19,107 INFO  [NewTest] 定位密码文本输入框 
2017-12-06 11:57:19,137 INFO  [NewTest] 输入密码：1 
2017-12-06 11:57:19,716 INFO  [NewTest] 点击定位登陆按钮 
2017-12-06 11:57:21,307 INFO  [NewTest] 点击登陆按钮 
2017-12-06 11:57:22,247 INFO  [NewTest] 关闭浏览器 
2017-12-06 12:02:22,673 INFO  [NewTest] 输入访问网址 
2017-12-06 12:02:23,816 INFO  [NewTest] 定位用户名文本输入框 
2017-12-06 12:02:23,849 INFO  [NewTest] 输入用户名：1 
2017-12-06 12:02:24,474 INFO  [NewTest] 定位密码文本输入框 
2017-12-06 12:02:24,506 INFO  [NewTest] 输入密码：1 
2017-12-06 12:02:25,057 INFO  [NewTest] 点击定位登陆按钮 
2017-12-06 12:02:28,498 INFO  [NewTest] 点击登陆按钮 
2017-12-06 12:02:29,417 INFO  [NewTest] 关闭浏览器 
2017-12-06 12:13:54,232 INFO  [NewTest] 输入访问网址 
2017-12-06 12:13:55,375 INFO  [NewTest] 定位用户名文本输入框 
2017-12-06 12:13:55,407 INFO  [NewTest] 输入用户名：1 
2017-12-06 12:13:56,036 INFO  [NewTest] 定位密码文本输入框 
2017-12-06 12:13:56,067 INFO  [NewTest] 输入密码：1 
2017-12-06 12:13:56,620 INFO  [NewTest] 点击定位登陆按钮 
2017-12-06 12:13:58,230 INFO  [NewTest] 点击登陆按钮 
2017-12-06 12:13:59,162 INFO  [NewTest] 关闭浏览器 
2017-12-06 12:23:02,959 INFO  [NewTest] 输入访问网址 
2017-12-06 12:23:04,112 INFO  [NewTest] 定位用户名文本输入框 
2017-12-06 12:23:04,145 INFO  [NewTest] 输入用户名：1 
2017-12-06 12:23:04,756 INFO  [NewTest] 定位密码文本输入框 
2017-12-06 12:23:04,787 INFO  [NewTest] 输入密码：1 
2017-12-06 12:23:05,327 INFO  [NewTest] 点击定位登陆按钮 
2017-12-06 12:23:06,972 INFO  [NewTest] 点击登陆按钮 
2017-12-06 12:23:07,869 INFO  [NewTest] 关闭浏览器 
2017-12-06 14:14:46,409 INFO  [NewTest] 输入访问网址 
2017-12-06 14:14:47,554 INFO  [NewTest] 定位用户名文本输入框 
2017-12-06 14:14:47,588 INFO  [NewTest] 输入用户名：1 
2017-12-06 14:14:48,201 INFO  [NewTest] 定位密码文本输入框 
2017-12-06 14:14:48,231 INFO  [NewTest] 输入密码：1 
2017-12-06 14:14:48,766 INFO  [NewTest] 点击定位登陆按钮 
2017-12-06 14:14:50,073 INFO  [NewTest] 点击登陆按钮 
2017-12-06 14:14:50,984 INFO  [NewTest] 关闭浏览器 
2017-12-06 14:23:57,786 INFO  [NewTest] 输入访问网址 
2017-12-06 14:23:58,980 INFO  [NewTest] 定位用户名文本输入框 
2017-12-06 14:23:59,011 INFO  [NewTest] 输入用户名：1 
2017-12-06 14:23:59,634 INFO  [NewTest] 定位密码文本输入框 
2017-12-06 14:23:59,665 INFO  [NewTest] 输入密码：1 
2017-12-06 14:24:00,218 INFO  [NewTest] 点击定位登陆按钮 
2017-12-06 14:24:01,894 INFO  [NewTest] 点击登陆按钮 
2017-12-06 14:24:02,824 INFO  [NewTest] 关闭浏览器 
2017-12-06 14:34:44,347 INFO  [NewTest] 输入访问网址 
2017-12-06 14:34:45,529 INFO  [NewTest] 定位用户名文本输入框 
2017-12-06 14:34:45,545 INFO  [NewTest] 输入用户名：1 
2017-12-06 14:34:46,166 INFO  [NewTest] 定位密码文本输入框 
2017-12-06 14:34:46,182 INFO  [NewTest] 输入密码：1 
2017-12-06 14:34:46,733 INFO  [NewTest] 点击定位登陆按钮 
2017-12-06 14:34:48,350 INFO  [NewTest] 点击登陆按钮 
2017-12-06 14:34:49,341 INFO  [NewTest] 关闭浏览器 
2017-12-06 14:40:14,714 INFO  [NewTest] 输入访问网址 
2017-12-06 14:40:15,911 INFO  [NewTest] 定位用户名文本输入框 
2017-12-06 14:40:15,942 INFO  [NewTest] 输入用户名：1 
2017-12-06 14:40:16,580 INFO  [NewTest] 定位密码文本输入框 
2017-12-06 14:40:16,611 INFO  [NewTest] 输入密码：1 
2017-12-06 14:40:17,149 INFO  [NewTest] 点击定位登陆按钮 
2017-12-06 14:40:18,760 INFO  [NewTest] 点击登陆按钮 
2017-12-06 14:40:19,718 INFO  [NewTest] 关闭浏览器 
2017-12-06 14:42:51,397 INFO  [NewTest] 输入访问网址 
2017-12-06 14:42:52,582 INFO  [NewTest] 定位用户名文本输入框 
2017-12-06 14:42:52,614 INFO  [NewTest] 输入用户名：1 
2017-12-06 14:42:53,262 INFO  [NewTest] 定位密码文本输入框 
2017-12-06 14:42:53,293 INFO  [NewTest] 输入密码：1 
2017-12-06 14:42:53,848 INFO  [NewTest] 点击定位登陆按钮 
2017-12-06 14:42:55,348 INFO  [NewTest] 点击登陆按钮 
2017-12-06 14:42:56,333 INFO  [NewTest] 关闭浏览器 
2017-12-06 14:53:08,347 INFO  [NewTest] 输入访问网址 
2017-12-06 14:53:09,524 INFO  [NewTest] 定位用户名文本输入框 
2017-12-06 14:53:09,541 INFO  [NewTest] 输入用户名：1 
2017-12-06 14:53:10,143 INFO  [NewTest] 定位密码文本输入框 
2017-12-06 14:53:10,174 INFO  [NewTest] 输入密码：1 
2017-12-06 14:53:10,716 INFO  [NewTest] 点击定位登陆按钮 
2017-12-06 14:53:12,486 INFO  [NewTest] 点击登陆按钮 
2017-12-06 14:53:13,461 INFO  [NewTest] 关闭浏览器 
2017-12-06 14:54:47,404 INFO  [NewTest] 输入访问网址 
2017-12-06 14:54:48,607 INFO  [NewTest] 定位用户名文本输入框 
2017-12-06 14:54:48,638 INFO  [NewTest] 输入用户名：1 
2017-12-06 14:54:49,241 INFO  [NewTest] 定位密码文本输入框 
2017-12-06 14:54:49,272 INFO  [NewTest] 输入密码：1 
2017-12-06 14:54:49,809 INFO  [NewTest] 点击定位登陆按钮 
2017-12-06 14:54:51,395 INFO  [NewTest] 点击登陆按钮 
2017-12-06 14:54:52,362 INFO  [NewTest] 关闭浏览器 
2017-12-06 14:58:47,423 INFO  [NewTest] 输入访问网址 
2017-12-06 14:58:48,639 INFO  [NewTest] 定位用户名文本输入框 
2017-12-06 14:58:48,670 INFO  [NewTest] 输入用户名：1 
2017-12-06 14:58:49,281 INFO  [NewTest] 定位密码文本输入框 
2017-12-06 14:58:49,312 INFO  [NewTest] 输入密码：1 
2017-12-06 14:58:49,867 INFO  [NewTest] 点击定位登陆按钮 
2017-12-06 14:58:51,528 INFO  [NewTest] 点击登陆按钮 
2017-12-06 14:58:52,499 INFO  [NewTest] 关闭浏览器 
2017-12-06 15:00:50,899 INFO  [NewTest] 输入访问网址 
2017-12-06 15:00:52,049 INFO  [NewTest] 定位用户名文本输入框 
2017-12-06 15:00:52,083 INFO  [NewTest] 输入用户名：1 
2017-12-06 15:00:52,698 INFO  [NewTest] 定位密码文本输入框 
2017-12-06 15:00:52,730 INFO  [NewTest] 输入密码：1 
2017-12-06 15:00:53,272 INFO  [NewTest] 点击定位登陆按钮 
2017-12-06 15:00:54,886 INFO  [NewTest] 点击登陆按钮 
2017-12-06 15:00:55,804 INFO  [NewTest] 关闭浏览器 
2017-12-06 15:02:13,796 INFO  [NewTest] 输入访问网址 
2017-12-06 15:02:14,939 INFO  [NewTest] 定位用户名文本输入框 
2017-12-06 15:02:14,973 INFO  [NewTest] 输入用户名：1 
2017-12-06 15:02:15,589 INFO  [NewTest] 定位密码文本输入框 
2017-12-06 15:02:15,619 INFO  [NewTest] 输入密码：1 
2017-12-06 15:02:16,163 INFO  [NewTest] 点击定位登陆按钮 
2017-12-06 15:02:18,086 INFO  [NewTest] 点击登陆按钮 
2017-12-06 15:02:18,997 INFO  [NewTest] 关闭浏览器 
2017-12-06 15:34:57,988 INFO  [NewTest] 输入访问网址 
2017-12-06 15:34:59,160 INFO  [NewTest] <br/>定位用户名文本输入框 
2017-12-06 15:34:59,195 INFO  [NewTest] 输入用户名：1 
2017-12-06 15:34:59,795 INFO  [NewTest] 定位密码文本输入框 
2017-12-06 15:34:59,826 INFO  [NewTest] 输入密码：1 
2017-12-06 15:35:00,379 INFO  [NewTest] 点击定位登陆按钮 
2017-12-06 15:35:02,286 INFO  [NewTest] 点击登陆按钮 
2017-12-06 15:35:03,224 INFO  [NewTest] 关闭浏览器 
2017-12-06 15:37:18,675 INFO  [NewTest] 输入访问网址 
2017-12-06 15:37:19,827 INFO  [NewTest] <br/>定位用户名文本输入框 
2017-12-06 15:37:19,864 INFO  [NewTest] 输入用户名：1 
2017-12-06 15:37:20,498 INFO  [NewTest] 定位密码文本输入框 
2017-12-06 15:37:20,527 INFO  [NewTest] 输入密码：1 
2017-12-06 15:37:21,083 INFO  [NewTest] 点击定位登陆按钮 
2017-12-06 15:37:22,641 INFO  [NewTest] 点击登陆按钮 
2017-12-06 15:37:23,543 INFO  [NewTest] 关闭浏览器 
2017-12-06 15:39:21,148 INFO  [NewTest] 输入访问网址 
2017-12-06 15:39:22,293 INFO  [NewTest] <br/>定位用户名文本输入框 
2017-12-06 15:39:22,330 INFO  [NewTest] 输入用户名：1 
2017-12-06 15:39:22,971 INFO  [NewTest] 定位密码文本输入框 
2017-12-06 15:39:23,004 INFO  [NewTest] 输入密码：1 
2017-12-06 15:39:23,577 INFO  [NewTest] 点击定位登陆按钮 
2017-12-06 15:39:25,163 INFO  [NewTest] 点击登陆按钮 
2017-12-06 15:39:26,078 INFO  [NewTest] 关闭浏览器 
2017-12-06 16:25:46,475 INFO  [NewTest] 输入访问网址 
